#
# There is insufficient memory for the Java Runtime Environment to continue.
# Native memory allocation (mmap) failed to map 65536 bytes for Failed to commit metaspace.
# Possible reasons:
#   The system is out of physical RAM or swap space
#   The process is running with CompressedOops enabled, and the Java Heap may be blocking the growth of the native heap
# Possible solutions:
#   Reduce memory load on the system
#   Increase physical memory or swap space
#   Check if swap backing store is full
#   Decrease Java heap size (-Xmx/-Xms)
#   Decrease number of Java threads
#   Decrease Java thread stack sizes (-Xss)
#   Set larger code cache with -XX:ReservedCodeCacheSize=
#   JVM is running with Unscaled Compressed Oops mode in which the Java heap is
#     placed in the first 4GB address space. The Java Heap base address is the
#     maximum limit for the native heap growth. Please use -XX:HeapBaseMinAddress
#     to set the Java Heap base and to place the Java Heap above 4GB virtual address.
# This output file may be truncated or incomplete.
#
#  Out of Memory Error (virtualSpaceNode.cpp:110), pid=29080, tid=17840
#
# JRE version: OpenJDK Runtime Environment Temurin-18.0.2.1+1 (18.0.2.1+1) (build 18.0.2.1+1)
# Java VM: OpenJDK 64-Bit Server VM Temurin-18.0.2.1+1 (18.0.2.1+1, mixed mode, tiered, compressed oops, compressed class ptrs, g1 gc, windows-amd64)
# No core dump will be written. Minidumps are not enabled by default on client versions of Windows
#

---------------  S U M M A R Y ------------

Command Line: -ea -Dfile.encoding=UTF-8 -XX:+ShowCodeDetailsInExceptionMessages org.testng.remote.RemoteTestNG -serport 56549 -protocol json -d C:\Tools\workspace1\Aut_Practice_April_2023\test-output C:\Users\jzo_0\AppData\Local\Temp\testng-eclipse--1374977754\testng-customsuite.xml

Host: Intel(R) Core(TM) i7-3770 CPU @ 3.40GHz, 8 cores, 7G,  Windows 10 , 64 bit Build 19041 (10.0.19041.2546)
Time: Sun May 14 10:14:05 2023 Eastern Daylight Time elapsed time: 1.358812 seconds (0d 0h 0m 1s)

---------------  T H R E A D  ---------------

Current thread (0x00000152c4dc3120):  JavaThread "main" [_thread_in_vm, id=17840, stack(0x00000011b4700000,0x00000011b4800000)]

Stack: [0x00000011b4700000,0x00000011b4800000]
Native frames: (J=compiled Java code, j=interpreted, Vv=VM code, C=native code)
V  [jvm.dll+0x69d85a]
V  [jvm.dll+0x84c43d]
V  [jvm.dll+0x84dd4e]
V  [jvm.dll+0x84e403]
V  [jvm.dll+0x25f65f]
V  [jvm.dll+0x84814b]
V  [jvm.dll+0x642816]
V  [jvm.dll+0x64287a]
V  [jvm.dll+0x64510e]
V  [jvm.dll+0x644fce]
V  [jvm.dll+0x6431de]
V  [jvm.dll+0x64d857]
V  [jvm.dll+0x204b71]
V  [jvm.dll+0x2050a5]
V  [jvm.dll+0x205adf]
V  [jvm.dll+0x1faf61]
V  [jvm.dll+0x5610b5]
V  [jvm.dll+0x20be27]
V  [jvm.dll+0x7c5b7d]
V  [jvm.dll+0x7c6eb6]
V  [jvm.dll+0x7c71e8]
V  [jvm.dll+0x257a16]
V  [jvm.dll+0x257c5f]
V  [jvm.dll+0x57f3a8]
V  [jvm.dll+0x582217]
V  [jvm.dll+0x3a7ca3]
V  [jvm.dll+0x3a733f]
C  0x00000152c84ba502

Java frames: (J=compiled Java code, j=interpreted, Vv=VM code)
j  jdk.internal.jimage.ImageReader.open(Ljava/nio/file/Path;Ljava/nio/ByteOrder;)Ljdk/internal/jimage/ImageReader;+12 java.base@18.0.2.1
j  jdk.internal.jimage.ImageReader.open(Ljava/nio/file/Path;)Ljdk/internal/jimage/ImageReader;+4 java.base@18.0.2.1
j  jdk.internal.jimage.ImageReaderFactory$1.apply(Ljava/nio/file/Path;)Ljdk/internal/jimage/ImageReader;+1 java.base@18.0.2.1
j  jdk.internal.jimage.ImageReaderFactory$1.apply(Ljava/lang/Object;)Ljava/lang/Object;+5 java.base@18.0.2.1
j  java.util.concurrent.ConcurrentHashMap.computeIfAbsent(Ljava/lang/Object;Ljava/util/function/Function;)Ljava/lang/Object;+115 java.base@18.0.2.1
j  jdk.internal.jimage.ImageReaderFactory.get(Ljava/nio/file/Path;)Ljdk/internal/jimage/ImageReader;+12 java.base@18.0.2.1
j  jdk.internal.jimage.ImageReaderFactory.getImageReader()Ljdk/internal/jimage/ImageReader;+3 java.base@18.0.2.1
j  jdk.internal.module.SystemModuleFinders$SystemImage.<clinit>()V+0 java.base@18.0.2.1
v  ~StubRoutines::call_stub
j  jdk.internal.module.SystemModuleFinders$SystemModuleReader.containsImageLocation(Ljava/lang/String;)Z+22 java.base@18.0.2.1
j  jdk.internal.module.SystemModuleFinders$SystemModuleReader.find(Ljava/lang/String;)Ljava/util/Optional;+2 java.base@18.0.2.1
j  jdk.internal.loader.BuiltinClassLoader$2.run()Ljava/util/List;+51 java.base@18.0.2.1
j  jdk.internal.loader.BuiltinClassLoader$2.run()Ljava/lang/Object;+1 java.base@18.0.2.1
j  java.security.AccessController.executePrivileged(Ljava/security/PrivilegedExceptionAction;Ljava/security/AccessControlContext;Ljava/lang/Class;)Ljava/lang/Object;+29 java.base@18.0.2.1
j  java.security.AccessController.doPrivileged(Ljava/security/PrivilegedExceptionAction;)Ljava/lang/Object;+9 java.base@18.0.2.1
j  jdk.internal.loader.BuiltinClassLoader.findMiscResource(Ljava/lang/String;)Ljava/util/List;+83 java.base@18.0.2.1
j  jdk.internal.loader.BuiltinClassLoader.findResources(Ljava/lang/String;)Ljava/util/Enumeration;+107 java.base@18.0.2.1
j  jdk.internal.loader.BootLoader.findResources(Ljava/lang/String;)Ljava/util/Enumeration;+4 java.base@18.0.2.1
j  java.lang.ClassLoader.getResources(Ljava/lang/String;)Ljava/util/Enumeration;+34 java.base@18.0.2.1
j  java.lang.ClassLoader.getResources(Ljava/lang/String;)Ljava/util/Enumeration;+24 java.base@18.0.2.1
j  java.util.ServiceLoader$LazyClassPathLookupIterator.nextProviderClass()Ljava/lang/Class;+106 java.base@18.0.2.1
j  java.util.ServiceLoader$LazyClassPathLookupIterator.hasNextService()Z+15 java.base@18.0.2.1
j  java.util.ServiceLoader$LazyClassPathLookupIterator.hasNext()Z+11 java.base@18.0.2.1
j  java.util.ServiceLoader$2.hasNext()Z+16 java.base@18.0.2.1
j  java.util.ServiceLoader$3.hasNext()Z+32 java.base@18.0.2.1
j  org.testng.remote.support.ServiceLoaderHelper.getFirst(Lorg/testng/shaded/osgi/framework/Version;)Lorg/testng/remote/support/RemoteTestNGFactory;+18
j  org.testng.remote.RemoteTestNG.main([Ljava/lang/String;)V+85
v  ~StubRoutines::call_stub

---------------  P R O C E S S  ---------------

Threads class SMR info:
_java_thread_list=0x00000152e317bc20, length=12, elements={
0x00000152c4dc3120, 0x00000152ded2b290, 0x00000152ded2c080, 0x00000152ded68d20,
0x00000152ded695d0, 0x00000152e3001090, 0x00000152e3001940, 0x00000152e3007a30,
0x00000152e3017520, 0x00000152e302a5e0, 0x00000152e3046c90, 0x00000152e3047bc0
}

Java Threads: ( => current thread )
=>0x00000152c4dc3120 JavaThread "main" [_thread_in_vm, id=17840, stack(0x00000011b4700000,0x00000011b4800000)]
  0x00000152ded2b290 JavaThread "Reference Handler" daemon [_thread_blocked, id=30336, stack(0x00000011b4e00000,0x00000011b4f00000)]
  0x00000152ded2c080 JavaThread "Finalizer" daemon [_thread_blocked, id=36480, stack(0x00000011b4f00000,0x00000011b5000000)]
  0x00000152ded68d20 JavaThread "Signal Dispatcher" daemon [_thread_blocked, id=24348, stack(0x00000011b5000000,0x00000011b5100000)]
  0x00000152ded695d0 JavaThread "Attach Listener" daemon [_thread_blocked, id=43368, stack(0x00000011b5100000,0x00000011b5200000)]
  0x00000152e3001090 JavaThread "Service Thread" daemon [_thread_blocked, id=40296, stack(0x00000011b5200000,0x00000011b5300000)]
  0x00000152e3001940 JavaThread "Monitor Deflation Thread" daemon [_thread_blocked, id=34864, stack(0x00000011b5300000,0x00000011b5400000)]
  0x00000152e3007a30 JavaThread "C2 CompilerThread0" daemon [_thread_blocked, id=11616, stack(0x00000011b5400000,0x00000011b5500000)]
  0x00000152e3017520 JavaThread "C1 CompilerThread0" daemon [_thread_blocked, id=15364, stack(0x00000011b5500000,0x00000011b5600000)]
  0x00000152e302a5e0 JavaThread "Sweeper thread" daemon [_thread_blocked, id=5444, stack(0x00000011b5600000,0x00000011b5700000)]
  0x00000152e3046c90 JavaThread "Notification Thread" daemon [_thread_blocked, id=6132, stack(0x00000011b5700000,0x00000011b5800000)]
  0x00000152e3047bc0 JavaThread "Common-Cleaner" daemon [_thread_blocked, id=17624, stack(0x00000011b5900000,0x00000011b5a00000)]

Other Threads:
  0x00000152c4e3e540 VMThread "VM Thread" [stack: 0x00000011b4d00000,0x00000011b4e00000] [id=38872]
  0x00000152e3047150 WatcherThread "VM Periodic Task Thread" [stack: 0x00000011b5800000,0x00000011b5900000] [id=12428]
  0x00000152c4e223d0 WorkerThread "GC Thread#0" [stack: 0x00000011b4800000,0x00000011b4900000] [id=35064]
  0x00000152c4e33630 ConcurrentGCThread "G1 Main Marker" [stack: 0x00000011b4900000,0x00000011b4a00000] [id=41972]
  0x00000152c4e33f30 WorkerThread "G1 Conc#0" [stack: 0x00000011b4a00000,0x00000011b4b00000] [id=23568]
  0x00000152c4e83440 ConcurrentGCThread "G1 Refine#0" [stack: 0x00000011b4b00000,0x00000011b4c00000] [id=36660]
  0x00000152c4e84c70 ConcurrentGCThread "G1 Service" [stack: 0x00000011b4c00000,0x00000011b4d00000] [id=36096]

Threads with active compile tasks:

VM state: not at safepoint (normal execution)

VM Mutex/Monitor currently owned by a thread:  ([mutex/lock_event])
[0x00000152c4dbcfb0] Metaspace_lock - owner thread: 0x00000152c4dc3120

Heap address: 0x0000000081c00000, size: 2020 MB, Compressed Oops mode: 32-bit

CDS archive(s) not mapped
Compressed class space mapped at: 0x0000000100000000-0x0000000140000000, reserved size: 1073741824
Narrow klass base: 0x0000000000000000, Narrow klass shift: 3, Narrow klass range: 0x140000000

GC Precious Log:
 CardTable entry size: 512
 Card Set container configuration: InlinePtr #cards 5 size 8 Array Of Cards #cards 12 size 40 Howl #buckets 4 coarsen threshold 1843 Howl Bitmap #cards 512 size 80 coarsen threshold 460 Card regions per heap region 1 cards per card region 2048
 CPUs: 8 total, 8 available
 Memory: 8078M
 Large Page Support: Disabled
 NUMA Support: Disabled
 Compressed Oops: Enabled (32-bit)
 Heap Region Size: 1M
 Heap Min Capacity: 8M
 Heap Initial Capacity: 128M
 Heap Max Capacity: 2020M
 Pre-touch: Disabled
 Parallel Workers: 8
 Concurrent Workers: 2
 Concurrent Refinement Workers: 8
 Periodic GC: Disabled

Heap:
 garbage-first heap   total 131072K, used 3072K [0x0000000081c00000, 0x0000000100000000)
  region size 1024K, 4 young (4096K), 0 survivors (0K)
 Metaspace       used 6995K, committed 7168K, reserved 1114112K
  class space    used 591K, committed 704K, reserved 1048576K

Heap Regions: E=young(eden), S=young(survivor), O=old, HS=humongous(starts), HC=humongous(continues), CS=collection set, F=free, OA=open archive, CA=closed archive, TAMS=top-at-mark-start (previous, next)
|   0|0x0000000081c00000, 0x0000000081c00000, 0x0000000081d00000|  0%| F|  |TAMS 0x0000000081c00000, 0x0000000081c00000| Untracked 
|   1|0x0000000081d00000, 0x0000000081d00000, 0x0000000081e00000|  0%| F|  |TAMS 0x0000000081d00000, 0x0000000081d00000| Untracked 
|   2|0x0000000081e00000, 0x0000000081e00000, 0x0000000081f00000|  0%| F|  |TAMS 0x0000000081e00000, 0x0000000081e00000| Untracked 
|   3|0x0000000081f00000, 0x0000000081f00000, 0x0000000082000000|  0%| F|  |TAMS 0x0000000081f00000, 0x0000000081f00000| Untracked 
|   4|0x0000000082000000, 0x0000000082000000, 0x0000000082100000|  0%| F|  |TAMS 0x0000000082000000, 0x0000000082000000| Untracked 
|   5|0x0000000082100000, 0x0000000082100000, 0x0000000082200000|  0%| F|  |TAMS 0x0000000082100000, 0x0000000082100000| Untracked 
|   6|0x0000000082200000, 0x0000000082200000, 0x0000000082300000|  0%| F|  |TAMS 0x0000000082200000, 0x0000000082200000| Untracked 
|   7|0x0000000082300000, 0x0000000082300000, 0x0000000082400000|  0%| F|  |TAMS 0x0000000082300000, 0x0000000082300000| Untracked 
|   8|0x0000000082400000, 0x0000000082400000, 0x0000000082500000|  0%| F|  |TAMS 0x0000000082400000, 0x0000000082400000| Untracked 
|   9|0x0000000082500000, 0x0000000082500000, 0x0000000082600000|  0%| F|  |TAMS 0x0000000082500000, 0x0000000082500000| Untracked 
|  10|0x0000000082600000, 0x0000000082600000, 0x0000000082700000|  0%| F|  |TAMS 0x0000000082600000, 0x0000000082600000| Untracked 
|  11|0x0000000082700000, 0x0000000082700000, 0x0000000082800000|  0%| F|  |TAMS 0x0000000082700000, 0x0000000082700000| Untracked 
|  12|0x0000000082800000, 0x0000000082800000, 0x0000000082900000|  0%| F|  |TAMS 0x0000000082800000, 0x0000000082800000| Untracked 
|  13|0x0000000082900000, 0x0000000082900000, 0x0000000082a00000|  0%| F|  |TAMS 0x0000000082900000, 0x0000000082900000| Untracked 
|  14|0x0000000082a00000, 0x0000000082a00000, 0x0000000082b00000|  0%| F|  |TAMS 0x0000000082a00000, 0x0000000082a00000| Untracked 
|  15|0x0000000082b00000, 0x0000000082b00000, 0x0000000082c00000|  0%| F|  |TAMS 0x0000000082b00000, 0x0000000082b00000| Untracked 
|  16|0x0000000082c00000, 0x0000000082c00000, 0x0000000082d00000|  0%| F|  |TAMS 0x0000000082c00000, 0x0000000082c00000| Untracked 
|  17|0x0000000082d00000, 0x0000000082d00000, 0x0000000082e00000|  0%| F|  |TAMS 0x0000000082d00000, 0x0000000082d00000| Untracked 
|  18|0x0000000082e00000, 0x0000000082e00000, 0x0000000082f00000|  0%| F|  |TAMS 0x0000000082e00000, 0x0000000082e00000| Untracked 
|  19|0x0000000082f00000, 0x0000000082f00000, 0x0000000083000000|  0%| F|  |TAMS 0x0000000082f00000, 0x0000000082f00000| Untracked 
|  20|0x0000000083000000, 0x0000000083000000, 0x0000000083100000|  0%| F|  |TAMS 0x0000000083000000, 0x0000000083000000| Untracked 
|  21|0x0000000083100000, 0x0000000083100000, 0x0000000083200000|  0%| F|  |TAMS 0x0000000083100000, 0x0000000083100000| Untracked 
|  22|0x0000000083200000, 0x0000000083200000, 0x0000000083300000|  0%| F|  |TAMS 0x0000000083200000, 0x0000000083200000| Untracked 
|  23|0x0000000083300000, 0x0000000083300000, 0x0000000083400000|  0%| F|  |TAMS 0x0000000083300000, 0x0000000083300000| Untracked 
|  24|0x0000000083400000, 0x0000000083400000, 0x0000000083500000|  0%| F|  |TAMS 0x0000000083400000, 0x0000000083400000| Untracked 
|  25|0x0000000083500000, 0x0000000083500000, 0x0000000083600000|  0%| F|  |TAMS 0x0000000083500000, 0x0000000083500000| Untracked 
|  26|0x0000000083600000, 0x0000000083600000, 0x0000000083700000|  0%| F|  |TAMS 0x0000000083600000, 0x0000000083600000| Untracked 
|  27|0x0000000083700000, 0x0000000083700000, 0x0000000083800000|  0%| F|  |TAMS 0x0000000083700000, 0x0000000083700000| Untracked 
|  28|0x0000000083800000, 0x0000000083800000, 0x0000000083900000|  0%| F|  |TAMS 0x0000000083800000, 0x0000000083800000| Untracked 
|  29|0x0000000083900000, 0x0000000083900000, 0x0000000083a00000|  0%| F|  |TAMS 0x0000000083900000, 0x0000000083900000| Untracked 
|  30|0x0000000083a00000, 0x0000000083a00000, 0x0000000083b00000|  0%| F|  |TAMS 0x0000000083a00000, 0x0000000083a00000| Untracked 
|  31|0x0000000083b00000, 0x0000000083b00000, 0x0000000083c00000|  0%| F|  |TAMS 0x0000000083b00000, 0x0000000083b00000| Untracked 
|  32|0x0000000083c00000, 0x0000000083c00000, 0x0000000083d00000|  0%| F|  |TAMS 0x0000000083c00000, 0x0000000083c00000| Untracked 
|  33|0x0000000083d00000, 0x0000000083d00000, 0x0000000083e00000|  0%| F|  |TAMS 0x0000000083d00000, 0x0000000083d00000| Untracked 
|  34|0x0000000083e00000, 0x0000000083e00000, 0x0000000083f00000|  0%| F|  |TAMS 0x0000000083e00000, 0x0000000083e00000| Untracked 
|  35|0x0000000083f00000, 0x0000000083f00000, 0x0000000084000000|  0%| F|  |TAMS 0x0000000083f00000, 0x0000000083f00000| Untracked 
|  36|0x0000000084000000, 0x0000000084000000, 0x0000000084100000|  0%| F|  |TAMS 0x0000000084000000, 0x0000000084000000| Untracked 
|  37|0x0000000084100000, 0x0000000084100000, 0x0000000084200000|  0%| F|  |TAMS 0x0000000084100000, 0x0000000084100000| Untracked 
|  38|0x0000000084200000, 0x0000000084200000, 0x0000000084300000|  0%| F|  |TAMS 0x0000000084200000, 0x0000000084200000| Untracked 
|  39|0x0000000084300000, 0x0000000084300000, 0x0000000084400000|  0%| F|  |TAMS 0x0000000084300000, 0x0000000084300000| Untracked 
|  40|0x0000000084400000, 0x0000000084400000, 0x0000000084500000|  0%| F|  |TAMS 0x0000000084400000, 0x0000000084400000| Untracked 
|  41|0x0000000084500000, 0x0000000084500000, 0x0000000084600000|  0%| F|  |TAMS 0x0000000084500000, 0x0000000084500000| Untracked 
|  42|0x0000000084600000, 0x0000000084600000, 0x0000000084700000|  0%| F|  |TAMS 0x0000000084600000, 0x0000000084600000| Untracked 
|  43|0x0000000084700000, 0x0000000084700000, 0x0000000084800000|  0%| F|  |TAMS 0x0000000084700000, 0x0000000084700000| Untracked 
|  44|0x0000000084800000, 0x0000000084800000, 0x0000000084900000|  0%| F|  |TAMS 0x0000000084800000, 0x0000000084800000| Untracked 
|  45|0x0000000084900000, 0x0000000084900000, 0x0000000084a00000|  0%| F|  |TAMS 0x0000000084900000, 0x0000000084900000| Untracked 
|  46|0x0000000084a00000, 0x0000000084a00000, 0x0000000084b00000|  0%| F|  |TAMS 0x0000000084a00000, 0x0000000084a00000| Untracked 
|  47|0x0000000084b00000, 0x0000000084b00000, 0x0000000084c00000|  0%| F|  |TAMS 0x0000000084b00000, 0x0000000084b00000| Untracked 
|  48|0x0000000084c00000, 0x0000000084c00000, 0x0000000084d00000|  0%| F|  |TAMS 0x0000000084c00000, 0x0000000084c00000| Untracked 
|  49|0x0000000084d00000, 0x0000000084d00000, 0x0000000084e00000|  0%| F|  |TAMS 0x0000000084d00000, 0x0000000084d00000| Untracked 
|  50|0x0000000084e00000, 0x0000000084e00000, 0x0000000084f00000|  0%| F|  |TAMS 0x0000000084e00000, 0x0000000084e00000| Untracked 
|  51|0x0000000084f00000, 0x0000000084f00000, 0x0000000085000000|  0%| F|  |TAMS 0x0000000084f00000, 0x0000000084f00000| Untracked 
|  52|0x0000000085000000, 0x0000000085000000, 0x0000000085100000|  0%| F|  |TAMS 0x0000000085000000, 0x0000000085000000| Untracked 
|  53|0x0000000085100000, 0x0000000085100000, 0x0000000085200000|  0%| F|  |TAMS 0x0000000085100000, 0x0000000085100000| Untracked 
|  54|0x0000000085200000, 0x0000000085200000, 0x0000000085300000|  0%| F|  |TAMS 0x0000000085200000, 0x0000000085200000| Untracked 
|  55|0x0000000085300000, 0x0000000085300000, 0x0000000085400000|  0%| F|  |TAMS 0x0000000085300000, 0x0000000085300000| Untracked 
|  56|0x0000000085400000, 0x0000000085400000, 0x0000000085500000|  0%| F|  |TAMS 0x0000000085400000, 0x0000000085400000| Untracked 
|  57|0x0000000085500000, 0x0000000085500000, 0x0000000085600000|  0%| F|  |TAMS 0x0000000085500000, 0x0000000085500000| Untracked 
|  58|0x0000000085600000, 0x0000000085600000, 0x0000000085700000|  0%| F|  |TAMS 0x0000000085600000, 0x0000000085600000| Untracked 
|  59|0x0000000085700000, 0x0000000085700000, 0x0000000085800000|  0%| F|  |TAMS 0x0000000085700000, 0x0000000085700000| Untracked 
|  60|0x0000000085800000, 0x0000000085800000, 0x0000000085900000|  0%| F|  |TAMS 0x0000000085800000, 0x0000000085800000| Untracked 
|  61|0x0000000085900000, 0x0000000085900000, 0x0000000085a00000|  0%| F|  |TAMS 0x0000000085900000, 0x0000000085900000| Untracked 
|  62|0x0000000085a00000, 0x0000000085a00000, 0x0000000085b00000|  0%| F|  |TAMS 0x0000000085a00000, 0x0000000085a00000| Untracked 
|  63|0x0000000085b00000, 0x0000000085b00000, 0x0000000085c00000|  0%| F|  |TAMS 0x0000000085b00000, 0x0000000085b00000| Untracked 
|  64|0x0000000085c00000, 0x0000000085c00000, 0x0000000085d00000|  0%| F|  |TAMS 0x0000000085c00000, 0x0000000085c00000| Untracked 
|  65|0x0000000085d00000, 0x0000000085d00000, 0x0000000085e00000|  0%| F|  |TAMS 0x0000000085d00000, 0x0000000085d00000| Untracked 
|  66|0x0000000085e00000, 0x0000000085e00000, 0x0000000085f00000|  0%| F|  |TAMS 0x0000000085e00000, 0x0000000085e00000| Untracked 
|  67|0x0000000085f00000, 0x0000000085f00000, 0x0000000086000000|  0%| F|  |TAMS 0x0000000085f00000, 0x0000000085f00000| Untracked 
|  68|0x0000000086000000, 0x0000000086000000, 0x0000000086100000|  0%| F|  |TAMS 0x0000000086000000, 0x0000000086000000| Untracked 
|  69|0x0000000086100000, 0x0000000086100000, 0x0000000086200000|  0%| F|  |TAMS 0x0000000086100000, 0x0000000086100000| Untracked 
|  70|0x0000000086200000, 0x0000000086200000, 0x0000000086300000|  0%| F|  |TAMS 0x0000000086200000, 0x0000000086200000| Untracked 
|  71|0x0000000086300000, 0x0000000086300000, 0x0000000086400000|  0%| F|  |TAMS 0x0000000086300000, 0x0000000086300000| Untracked 
|  72|0x0000000086400000, 0x0000000086400000, 0x0000000086500000|  0%| F|  |TAMS 0x0000000086400000, 0x0000000086400000| Untracked 
|  73|0x0000000086500000, 0x0000000086500000, 0x0000000086600000|  0%| F|  |TAMS 0x0000000086500000, 0x0000000086500000| Untracked 
|  74|0x0000000086600000, 0x0000000086600000, 0x0000000086700000|  0%| F|  |TAMS 0x0000000086600000, 0x0000000086600000| Untracked 
|  75|0x0000000086700000, 0x0000000086700000, 0x0000000086800000|  0%| F|  |TAMS 0x0000000086700000, 0x0000000086700000| Untracked 
|  76|0x0000000086800000, 0x0000000086800000, 0x0000000086900000|  0%| F|  |TAMS 0x0000000086800000, 0x0000000086800000| Untracked 
|  77|0x0000000086900000, 0x0000000086900000, 0x0000000086a00000|  0%| F|  |TAMS 0x0000000086900000, 0x0000000086900000| Untracked 
|  78|0x0000000086a00000, 0x0000000086a00000, 0x0000000086b00000|  0%| F|  |TAMS 0x0000000086a00000, 0x0000000086a00000| Untracked 
|  79|0x0000000086b00000, 0x0000000086b00000, 0x0000000086c00000|  0%| F|  |TAMS 0x0000000086b00000, 0x0000000086b00000| Untracked 
|  80|0x0000000086c00000, 0x0000000086c00000, 0x0000000086d00000|  0%| F|  |TAMS 0x0000000086c00000, 0x0000000086c00000| Untracked 
|  81|0x0000000086d00000, 0x0000000086d00000, 0x0000000086e00000|  0%| F|  |TAMS 0x0000000086d00000, 0x0000000086d00000| Untracked 
|  82|0x0000000086e00000, 0x0000000086e00000, 0x0000000086f00000|  0%| F|  |TAMS 0x0000000086e00000, 0x0000000086e00000| Untracked 
|  83|0x0000000086f00000, 0x0000000086f00000, 0x0000000087000000|  0%| F|  |TAMS 0x0000000086f00000, 0x0000000086f00000| Untracked 
|  84|0x0000000087000000, 0x0000000087000000, 0x0000000087100000|  0%| F|  |TAMS 0x0000000087000000, 0x0000000087000000| Untracked 
|  85|0x0000000087100000, 0x0000000087100000, 0x0000000087200000|  0%| F|  |TAMS 0x0000000087100000, 0x0000000087100000| Untracked 
|  86|0x0000000087200000, 0x0000000087200000, 0x0000000087300000|  0%| F|  |TAMS 0x0000000087200000, 0x0000000087200000| Untracked 
|  87|0x0000000087300000, 0x0000000087300000, 0x0000000087400000|  0%| F|  |TAMS 0x0000000087300000, 0x0000000087300000| Untracked 
|  88|0x0000000087400000, 0x0000000087400000, 0x0000000087500000|  0%| F|  |TAMS 0x0000000087400000, 0x0000000087400000| Untracked 
|  89|0x0000000087500000, 0x0000000087500000, 0x0000000087600000|  0%| F|  |TAMS 0x0000000087500000, 0x0000000087500000| Untracked 
|  90|0x0000000087600000, 0x0000000087600000, 0x0000000087700000|  0%| F|  |TAMS 0x0000000087600000, 0x0000000087600000| Untracked 
|  91|0x0000000087700000, 0x0000000087700000, 0x0000000087800000|  0%| F|  |TAMS 0x0000000087700000, 0x0000000087700000| Untracked 
|  92|0x0000000087800000, 0x0000000087800000, 0x0000000087900000|  0%| F|  |TAMS 0x0000000087800000, 0x0000000087800000| Untracked 
|  93|0x0000000087900000, 0x0000000087900000, 0x0000000087a00000|  0%| F|  |TAMS 0x0000000087900000, 0x0000000087900000| Untracked 
|  94|0x0000000087a00000, 0x0000000087a00000, 0x0000000087b00000|  0%| F|  |TAMS 0x0000000087a00000, 0x0000000087a00000| Untracked 
|  95|0x0000000087b00000, 0x0000000087b00000, 0x0000000087c00000|  0%| F|  |TAMS 0x0000000087b00000, 0x0000000087b00000| Untracked 
|  96|0x0000000087c00000, 0x0000000087c00000, 0x0000000087d00000|  0%| F|  |TAMS 0x0000000087c00000, 0x0000000087c00000| Untracked 
|  97|0x0000000087d00000, 0x0000000087d00000, 0x0000000087e00000|  0%| F|  |TAMS 0x0000000087d00000, 0x0000000087d00000| Untracked 
|  98|0x0000000087e00000, 0x0000000087e00000, 0x0000000087f00000|  0%| F|  |TAMS 0x0000000087e00000, 0x0000000087e00000| Untracked 
|  99|0x0000000087f00000, 0x0000000087f00000, 0x0000000088000000|  0%| F|  |TAMS 0x0000000087f00000, 0x0000000087f00000| Untracked 
| 100|0x0000000088000000, 0x0000000088000000, 0x0000000088100000|  0%| F|  |TAMS 0x0000000088000000, 0x0000000088000000| Untracked 
| 101|0x0000000088100000, 0x0000000088100000, 0x0000000088200000|  0%| F|  |TAMS 0x0000000088100000, 0x0000000088100000| Untracked 
| 102|0x0000000088200000, 0x0000000088200000, 0x0000000088300000|  0%| F|  |TAMS 0x0000000088200000, 0x0000000088200000| Untracked 
| 103|0x0000000088300000, 0x0000000088300000, 0x0000000088400000|  0%| F|  |TAMS 0x0000000088300000, 0x0000000088300000| Untracked 
| 104|0x0000000088400000, 0x0000000088400000, 0x0000000088500000|  0%| F|  |TAMS 0x0000000088400000, 0x0000000088400000| Untracked 
| 105|0x0000000088500000, 0x0000000088500000, 0x0000000088600000|  0%| F|  |TAMS 0x0000000088500000, 0x0000000088500000| Untracked 
| 106|0x0000000088600000, 0x0000000088600000, 0x0000000088700000|  0%| F|  |TAMS 0x0000000088600000, 0x0000000088600000| Untracked 
| 107|0x0000000088700000, 0x0000000088700000, 0x0000000088800000|  0%| F|  |TAMS 0x0000000088700000, 0x0000000088700000| Untracked 
| 108|0x0000000088800000, 0x0000000088800000, 0x0000000088900000|  0%| F|  |TAMS 0x0000000088800000, 0x0000000088800000| Untracked 
| 109|0x0000000088900000, 0x0000000088900000, 0x0000000088a00000|  0%| F|  |TAMS 0x0000000088900000, 0x0000000088900000| Untracked 
| 110|0x0000000088a00000, 0x0000000088a00000, 0x0000000088b00000|  0%| F|  |TAMS 0x0000000088a00000, 0x0000000088a00000| Untracked 
| 111|0x0000000088b00000, 0x0000000088b00000, 0x0000000088c00000|  0%| F|  |TAMS 0x0000000088b00000, 0x0000000088b00000| Untracked 
| 112|0x0000000088c00000, 0x0000000088c00000, 0x0000000088d00000|  0%| F|  |TAMS 0x0000000088c00000, 0x0000000088c00000| Untracked 
| 113|0x0000000088d00000, 0x0000000088d00000, 0x0000000088e00000|  0%| F|  |TAMS 0x0000000088d00000, 0x0000000088d00000| Untracked 
| 114|0x0000000088e00000, 0x0000000088e00000, 0x0000000088f00000|  0%| F|  |TAMS 0x0000000088e00000, 0x0000000088e00000| Untracked 
| 115|0x0000000088f00000, 0x0000000088f00000, 0x0000000089000000|  0%| F|  |TAMS 0x0000000088f00000, 0x0000000088f00000| Untracked 
| 116|0x0000000089000000, 0x0000000089000000, 0x0000000089100000|  0%| F|  |TAMS 0x0000000089000000, 0x0000000089000000| Untracked 
| 117|0x0000000089100000, 0x0000000089100000, 0x0000000089200000|  0%| F|  |TAMS 0x0000000089100000, 0x0000000089100000| Untracked 
| 118|0x0000000089200000, 0x0000000089200000, 0x0000000089300000|  0%| F|  |TAMS 0x0000000089200000, 0x0000000089200000| Untracked 
| 119|0x0000000089300000, 0x0000000089300000, 0x0000000089400000|  0%| F|  |TAMS 0x0000000089300000, 0x0000000089300000| Untracked 
| 120|0x0000000089400000, 0x0000000089400000, 0x0000000089500000|  0%| F|  |TAMS 0x0000000089400000, 0x0000000089400000| Untracked 
| 121|0x0000000089500000, 0x0000000089500000, 0x0000000089600000|  0%| F|  |TAMS 0x0000000089500000, 0x0000000089500000| Untracked 
| 122|0x0000000089600000, 0x0000000089600000, 0x0000000089700000|  0%| F|  |TAMS 0x0000000089600000, 0x0000000089600000| Untracked 
| 123|0x0000000089700000, 0x0000000089700000, 0x0000000089800000|  0%| F|  |TAMS 0x0000000089700000, 0x0000000089700000| Untracked 
| 124|0x0000000089800000, 0x0000000089876440, 0x0000000089900000| 46%| E|  |TAMS 0x0000000089800000, 0x0000000089800000| Complete 
| 125|0x0000000089900000, 0x0000000089a00000, 0x0000000089a00000|100%| E|CS|TAMS 0x0000000089900000, 0x0000000089900000| Complete 
| 126|0x0000000089a00000, 0x0000000089b00000, 0x0000000089b00000|100%| E|CS|TAMS 0x0000000089a00000, 0x0000000089a00000| Complete 
| 127|0x0000000089b00000, 0x0000000089c00000, 0x0000000089c00000|100%| E|CS|TAMS 0x0000000089b00000, 0x0000000089b00000| Complete 

Card table byte_map: [0x00000152d7bd0000,0x00000152d7fd0000] _byte_map_base: 0x00000152d77c2000

Marking Bits (Prev, Next): (CMBitMap*) 0x00000152c4e228e0, (CMBitMap*) 0x00000152c4e22920
 Prev Bits: [0x00000152d83d0000, 0x00000152da360000)
 Next Bits: [0x00000152da360000, 0x00000152dc2f0000)

Polling page: 0x00000152c2db0000

Metaspace:

Usage:
  Non-class:      6.25 MB used.
      Class:    591.17 KB used.
       Both:      6.83 MB used.

Virtual space:
  Non-class space:       64.00 MB reserved,       6.31 MB ( 10%) committed,  1 nodes.
      Class space:        1.00 GB reserved,     704.00 KB ( <1%) committed,  1 nodes.
             Both:        1.06 GB reserved,       7.00 MB ( <1%) committed. 

Chunk freelists:
   Non-Class:  1004.00 KB
       Class:  3.22 MB
        Both:  4.20 MB

MaxMetaspaceSize: unlimited
CompressedClassSpaceSize: 1.00 GB
Initial GC threshold: 21.00 MB
Current GC threshold: 21.00 MB
CDS: off
MetaspaceReclaimPolicy: balanced
 - commit_granule_bytes: 65536.
 - commit_granule_words: 8192.
 - virtual_space_node_default_size: 8388608.
 - enlarge_chunks_in_place: 1.
 - new_chunks_are_fully_committed: 0.
 - uncommit_free_chunks: 1.
 - use_allocation_guard: 0.


Internal statistics:

num_allocs_failed_limit: 0.
num_arena_births: 40.
num_arena_deaths: 0.
num_vsnodes_births: 2.
num_vsnodes_deaths: 0.
num_space_committed: 112.
num_space_uncommitted: 0.
num_chunks_returned_to_freelist: 0.
num_chunks_taken_from_freelist: 67.
num_chunk_merges: 0.
num_chunk_splits: 38.
num_chunks_enlarged: 26.
num_inconsistent_stats: 0.

CodeHeap 'non-profiled nmethods': size=120000Kb used=97Kb max_used=97Kb free=119903Kb
 bounds [0x00000152cff70000, 0x00000152d01e0000, 0x00000152d74a0000]
CodeHeap 'profiled nmethods': size=120000Kb used=519Kb max_used=519Kb free=119480Kb
 bounds [0x00000152c8a40000, 0x00000152c8cb0000, 0x00000152cff70000]
CodeHeap 'non-nmethods': size=5760Kb used=1112Kb max_used=1124Kb free=4647Kb
 bounds [0x00000152c84a0000, 0x00000152c8710000, 0x00000152c8a40000]
 total_blobs=745 nmethods=368 adapters=290
 compilation: enabled
              stopped_count=0, restarted_count=0
 full_count=0

Compilation events (20 events):
Event: 1.257 Thread 0x00000152e3017520 nmethod 360 0x00000152c8abcf10 code [0x00000152c8abd0a0, 0x00000152c8abd1b8]
Event: 1.257 Thread 0x00000152e3017520  361       3       java.lang.String::concat (15 bytes)
Event: 1.258 Thread 0x00000152e3017520 nmethod 361 0x00000152c8abd210 code [0x00000152c8abd540, 0x00000152c8abe7d8]
Event: 1.258 Thread 0x00000152e3017520  362       3       java.lang.StringConcatHelper::simpleConcat (94 bytes)
Event: 1.259 Thread 0x00000152e3017520 nmethod 362 0x00000152c8abee90 code [0x00000152c8abf1a0, 0x00000152c8ac03b8]
Event: 1.259 Thread 0x00000152e3017520  364       3       java.lang.String::regionMatches (150 bytes)
Event: 1.259 Thread 0x00000152e3017520 nmethod 364 0x00000152c8ac0a10 code [0x00000152c8ac0c60, 0x00000152c8ac1468]
Event: 1.259 Thread 0x00000152e3017520  363       1       java.security.CodeSource::getLocation (5 bytes)
Event: 1.259 Thread 0x00000152e3017520 nmethod 363 0x00000152cff86b90 code [0x00000152cff86d20, 0x00000152cff86df8]
Event: 1.259 Thread 0x00000152e3017520  365       1       java.net.URL::getPort (5 bytes)
Event: 1.259 Thread 0x00000152e3017520 nmethod 365 0x00000152cff86e90 code [0x00000152cff87020, 0x00000152cff870f8]
Event: 1.259 Thread 0x00000152e3007a30 nmethod 335 0x00000152cff87190 code [0x00000152cff87320, 0x00000152cff87718]
Event: 1.259 Thread 0x00000152e3007a30  334       4       com.beust.jcommander.Strings::startsWith (22 bytes)
Event: 1.262 Thread 0x00000152e3007a30 nmethod 334 0x00000152cff87890 code [0x00000152cff87a20, 0x00000152cff87bf8]
Event: 1.263 Thread 0x00000152e3017520  366       1       java.lang.Module::getDescriptor (5 bytes)
Event: 1.263 Thread 0x00000152e3017520 nmethod 366 0x00000152cff87e10 code [0x00000152cff87fa0, 0x00000152cff88078]
Event: 1.263 Thread 0x00000152e3017520  367       1       java.lang.module.ModuleDescriptor::provides (5 bytes)
Event: 1.263 Thread 0x00000152e3017520 nmethod 367 0x00000152cff88110 code [0x00000152cff882a0, 0x00000152cff88378]
Event: 1.265 Thread 0x00000152e3017520  368       3       sun.nio.fs.WindowsPathParser::isInvalidPathChar (22 bytes)
Event: 1.265 Thread 0x00000152e3017520 nmethod 368 0x00000152c8ac1710 code [0x00000152c8ac18e0, 0x00000152c8ac1c28]

GC Heap History (0 events):
No events

Deoptimization events (0 events):
No events

Classes loaded (20 events):
Event: 1.264 Loading class jdk/internal/module/SystemModuleFinders$SystemModuleReader done
Event: 1.264 Loading class jdk/internal/module/SystemModuleFinders$SystemImage
Event: 1.264 Loading class jdk/internal/module/SystemModuleFinders$SystemImage done
Event: 1.264 Loading class jdk/internal/jimage/ImageReaderFactory
Event: 1.264 Loading class jdk/internal/jimage/ImageReaderFactory done
Event: 1.264 Loading class java/nio/file/Paths
Event: 1.264 Loading class java/nio/file/Paths done
Event: 1.264 Loading class java/nio/file/FileSystems
Event: 1.264 Loading class java/nio/file/FileSystems done
Event: 1.265 Loading class java/nio/file/FileSystems$DefaultFileSystemHolder
Event: 1.265 Loading class java/nio/file/FileSystems$DefaultFileSystemHolder done
Event: 1.265 Loading class java/nio/file/FileSystems$DefaultFileSystemHolder$1
Event: 1.265 Loading class java/nio/file/FileSystems$DefaultFileSystemHolder$1 done
Event: 1.265 Loading class java/net/URI$Parser
Event: 1.265 Loading class java/net/URI$Parser done
Event: 1.265 Loading class jdk/internal/jimage/ImageReaderFactory$1
Event: 1.265 Loading class jdk/internal/jimage/ImageReaderFactory$1 done
Event: 1.265 Loading class jdk/internal/jimage/ImageReader
Event: 1.265 Loading class jdk/internal/jimage/ImageReader done
Event: 1.265 Loading class jdk/internal/jimage/ImageReader$SharedImageReader

Classes unloaded (0 events):
No events

Classes redefined (0 events):
No events

Internal exceptions (4 events):
Event: 1.242 Thread 0x00000152c4dc3120 Exception <a 'java/lang/NoSuchMethodError'{0x00000000899d3228}: 'int java.lang.invoke.DirectMethodHandle$Holder.invokeSpecial(java.lang.Object, java.lang.Object, java.lang.Object)'> (0x00000000899d3228) 
thrown [s\src\hotspot\share\interpreter\linkResolver.cpp, line 759]
Event: 1.243 Thread 0x00000152c4dc3120 Exception <a 'java/lang/NoSuchMethodError'{0x00000000899de190}: 'void java.lang.invoke.DelegatingMethodHandle$Holder.reinvoke_L(java.lang.Object, java.lang.Object, int)'> (0x00000000899de190) 
thrown [s\src\hotspot\share\interpreter\linkResolver.cpp, line 759]
Event: 1.243 Thread 0x00000152c4dc3120 Exception <a 'java/lang/NoSuchMethodError'{0x00000000899e5088}: 'int java.lang.invoke.Invokers$Holder.invokeExact_MT(java.lang.Object, java.lang.Object, java.lang.Object)'> (0x00000000899e5088) 
thrown [s\src\hotspot\share\interpreter\linkResolver.cpp, line 759]
Event: 1.250 Thread 0x00000152c4dc3120 Exception <a 'java/lang/NoSuchMethodError'{0x00000000899f66a8}: 'void java.lang.invoke.Invokers$Holder.invokeExact_MT(java.lang.Object, java.lang.Object, java.lang.Object, java.lang.Object)'> (0x00000000899f66a8) 
thrown [s\src\hotspot\share\interpreter\linkResolver.cpp, line 759]

VM Operations (2 events):
Event: 1.140 Executing VM operation: HandshakeAllThreads
Event: 1.140 Executing VM operation: HandshakeAllThreads done

Events (16 events):
Event: 0.570 Loaded shared library C:\Users\jzo_0\.p2\pool\plugins\org.eclipse.justj.openjdk.hotspot.jre.full.win32.x86_64_18.0.2.v20221005-1040\jre\bin\java.dll
Event: 0.730 Thread 0x00000152c4dc3120 Thread added: 0x00000152c4dc3120
Event: 0.737 Thread 0x00000152ded2b290 Thread added: 0x00000152ded2b290
Event: 0.738 Thread 0x00000152ded2c080 Thread added: 0x00000152ded2c080
Event: 0.787 Thread 0x00000152ded68d20 Thread added: 0x00000152ded68d20
Event: 0.787 Thread 0x00000152ded695d0 Thread added: 0x00000152ded695d0
Event: 0.787 Thread 0x00000152e3001090 Thread added: 0x00000152e3001090
Event: 0.787 Thread 0x00000152e3001940 Thread added: 0x00000152e3001940
Event: 0.787 Thread 0x00000152e3007a30 Thread added: 0x00000152e3007a30
Event: 0.787 Thread 0x00000152e3017520 Thread added: 0x00000152e3017520
Event: 0.787 Thread 0x00000152e302a5e0 Thread added: 0x00000152e302a5e0
Event: 0.826 Thread 0x00000152e3046c90 Thread added: 0x00000152e3046c90
Event: 0.834 Thread 0x00000152e3047bc0 Thread added: 0x00000152e3047bc0
Event: 0.973 Loaded shared library C:\Users\jzo_0\.p2\pool\plugins\org.eclipse.justj.openjdk.hotspot.jre.full.win32.x86_64_18.0.2.v20221005-1040\jre\bin\net.dll
Event: 1.131 Loaded shared library C:\Users\jzo_0\.p2\pool\plugins\org.eclipse.justj.openjdk.hotspot.jre.full.win32.x86_64_18.0.2.v20221005-1040\jre\bin\nio.dll
Event: 1.138 Loaded shared library C:\Users\jzo_0\.p2\pool\plugins\org.eclipse.justj.openjdk.hotspot.jre.full.win32.x86_64_18.0.2.v20221005-1040\jre\bin\zip.dll


Dynamic libraries:
0x00007ff75ae10000 - 0x00007ff75ae1e000 	C:\Users\jzo_0\.p2\pool\plugins\org.eclipse.justj.openjdk.hotspot.jre.full.win32.x86_64_18.0.2.v20221005-1040\jre\bin\javaw.exe
0x00007ff8b0930000 - 0x00007ff8b0b28000 	C:\Windows\SYSTEM32\ntdll.dll
0x00007ff8af1c0000 - 0x00007ff8af27f000 	C:\Windows\System32\KERNEL32.DLL
0x00007ff8ae670000 - 0x00007ff8ae942000 	C:\Windows\System32\KERNELBASE.dll
0x00007ff8ae260000 - 0x00007ff8ae360000 	C:\Windows\System32\ucrtbase.dll
0x00007ff8a0f00000 - 0x00007ff8a0f19000 	C:\Users\jzo_0\.p2\pool\plugins\org.eclipse.justj.openjdk.hotspot.jre.full.win32.x86_64_18.0.2.v20221005-1040\jre\bin\VCRUNTIME140.dll
0x00007ff89c750000 - 0x00007ff89c767000 	C:\Users\jzo_0\.p2\pool\plugins\org.eclipse.justj.openjdk.hotspot.jre.full.win32.x86_64_18.0.2.v20221005-1040\jre\bin\jli.dll
0x00007ff8af280000 - 0x00007ff8af421000 	C:\Windows\System32\USER32.dll
0x00007ff8ae950000 - 0x00007ff8ae972000 	C:\Windows\System32\win32u.dll
0x00007ff8a3250000 - 0x00007ff8a34ea000 	C:\Windows\WinSxS\amd64_microsoft.windows.common-controls_6595b64144ccf1df_6.0.19041.1110_none_60b5254171f9507e\COMCTL32.dll
0x00007ff8b08c0000 - 0x00007ff8b08eb000 	C:\Windows\System32\GDI32.dll
0x00007ff8aec40000 - 0x00007ff8aecde000 	C:\Windows\System32\msvcrt.dll
0x00007ff8ae4f0000 - 0x00007ff8ae5ff000 	C:\Windows\System32\gdi32full.dll
0x00007ff8ae1c0000 - 0x00007ff8ae25d000 	C:\Windows\System32\msvcp_win.dll
0x00007ff8afbb0000 - 0x00007ff8afbe0000 	C:\Windows\System32\IMM32.DLL
0x00007ff8a4320000 - 0x00007ff8a432c000 	C:\Users\jzo_0\.p2\pool\plugins\org.eclipse.justj.openjdk.hotspot.jre.full.win32.x86_64_18.0.2.v20221005-1040\jre\bin\vcruntime140_1.dll
0x00007ff88db40000 - 0x00007ff88dbd1000 	C:\Users\jzo_0\.p2\pool\plugins\org.eclipse.justj.openjdk.hotspot.jre.full.win32.x86_64_18.0.2.v20221005-1040\jre\bin\msvcp140.dll
0x00007ff878a30000 - 0x00007ff8796ba000 	C:\Users\jzo_0\.p2\pool\plugins\org.eclipse.justj.openjdk.hotspot.jre.full.win32.x86_64_18.0.2.v20221005-1040\jre\bin\server\jvm.dll
0x00007ff8aea80000 - 0x00007ff8aeb2e000 	C:\Windows\System32\ADVAPI32.dll
0x00007ff8b0550000 - 0x00007ff8b05ec000 	C:\Windows\System32\sechost.dll
0x00007ff8b05f0000 - 0x00007ff8b0714000 	C:\Windows\System32\RPCRT4.dll
0x00007ff8b08b0000 - 0x00007ff8b08b8000 	C:\Windows\System32\PSAPI.DLL
0x00007ff891ca0000 - 0x00007ff891cc7000 	C:\Windows\SYSTEM32\WINMM.dll
0x00007ff8a5960000 - 0x00007ff8a596a000 	C:\Windows\SYSTEM32\VERSION.dll
0x00007ff8a9170000 - 0x00007ff8a9179000 	C:\Windows\SYSTEM32\WSOCK32.dll
0x00007ff8b03b0000 - 0x00007ff8b041b000 	C:\Windows\System32\WS2_32.dll
0x00007ff8abf10000 - 0x00007ff8abf22000 	C:\Windows\SYSTEM32\kernel.appcore.dll
0x00007ff8a7b60000 - 0x00007ff8a7b6a000 	C:\Users\jzo_0\.p2\pool\plugins\org.eclipse.justj.openjdk.hotspot.jre.full.win32.x86_64_18.0.2.v20221005-1040\jre\bin\jimage.dll
0x00007ff8a88c0000 - 0x00007ff8a8aa4000 	C:\Windows\SYSTEM32\DBGHELP.DLL
0x00007ff8a8730000 - 0x00007ff8a8765000 	C:\Windows\SYSTEM32\dbgcore.DLL
0x00007ff8ae030000 - 0x00007ff8ae0b2000 	C:\Windows\System32\bcryptPrimitives.dll
0x00007ff8a52d0000 - 0x00007ff8a52f5000 	C:\Users\jzo_0\.p2\pool\plugins\org.eclipse.justj.openjdk.hotspot.jre.full.win32.x86_64_18.0.2.v20221005-1040\jre\bin\java.dll
0x00007ff8a5aa0000 - 0x00007ff8a5ab8000 	C:\Users\jzo_0\.p2\pool\plugins\org.eclipse.justj.openjdk.hotspot.jre.full.win32.x86_64_18.0.2.v20221005-1040\jre\bin\zip.dll
0x00007ff8af460000 - 0x00007ff8afba5000 	C:\Windows\System32\SHELL32.dll
0x00007ff8ac110000 - 0x00007ff8ac8a2000 	C:\Windows\SYSTEM32\windows.storage.dll
0x00007ff8b0050000 - 0x00007ff8b03a5000 	C:\Windows\System32\combase.dll
0x00007ff8ad9b0000 - 0x00007ff8ad9e0000 	C:\Windows\SYSTEM32\Wldp.dll
0x00007ff8aeb90000 - 0x00007ff8aec3d000 	C:\Windows\System32\SHCORE.dll
0x00007ff8b04f0000 - 0x00007ff8b0545000 	C:\Windows\System32\shlwapi.dll
0x00007ff8adf70000 - 0x00007ff8adf8f000 	C:\Windows\SYSTEM32\profapi.dll
0x00007ff8a5230000 - 0x00007ff8a5243000 	C:\Users\jzo_0\.p2\pool\plugins\org.eclipse.justj.openjdk.hotspot.jre.full.win32.x86_64_18.0.2.v20221005-1040\jre\bin\net.dll
0x00007ff8a80a0000 - 0x00007ff8a81aa000 	C:\Windows\SYSTEM32\WINHTTP.dll
0x00007ff8ad710000 - 0x00007ff8ad77a000 	C:\Windows\system32\mswsock.dll
0x00007ff8a4e80000 - 0x00007ff8a4e96000 	C:\Users\jzo_0\.p2\pool\plugins\org.eclipse.justj.openjdk.hotspot.jre.full.win32.x86_64_18.0.2.v20221005-1040\jre\bin\nio.dll

dbghelp: loaded successfully - version: 4.0.5 - missing functions: none
symbol engine: initialized successfully - sym options: 0x614 - pdb path: .;C:\Users\jzo_0\.p2\pool\plugins\org.eclipse.justj.openjdk.hotspot.jre.full.win32.x86_64_18.0.2.v20221005-1040\jre\bin;C:\Windows\SYSTEM32;C:\Windows\WinSxS\amd64_microsoft.windows.common-controls_6595b64144ccf1df_6.0.19041.1110_none_60b5254171f9507e;C:\Users\jzo_0\.p2\pool\plugins\org.eclipse.justj.openjdk.hotspot.jre.full.win32.x86_64_18.0.2.v20221005-1040\jre\bin\server

VM Arguments:
jvm_args: -ea -Dfile.encoding=UTF-8 -XX:+ShowCodeDetailsInExceptionMessages 
java_command: org.testng.remote.RemoteTestNG -serport 56549 -protocol json -d C:\Tools\workspace1\Aut_Practice_April_2023\test-output C:\Users\jzo_0\AppData\Local\Temp\testng-eclipse--1374977754\testng-customsuite.xml
java_class_path (initial): C:\Tools\eclipse\configuration\org.eclipse.osgi\438\0\.cp\lib\testng-remote.jar;C:\Tools\workspace1\Aut_Practice_April_2023\bin;C:\Users\jzo_0\.p2\pool\plugins\org.testng_7.4.0.r202105021533.jar;C:\Users\jzo_0\.p2\pool\plugins\com.beust.jcommander_1.78.0.jar;C:\Users\jzo_0\.p2\pool\plugins\org.apache-extras.beanshell.bsh_2.0.0.b6.jar;C:\Users\jzo_0\.p2\pool\plugins\org.yaml.snakeyaml_1.27.0.v20221112-0806.jar;C:\Users\jzo_0\.p2\pool\plugins\org.webjars.jquery_3.5.1.jar;C:\Tools\libs\byte-buddy-1.8.15.jar;C:\Tools\libs\client-combined-3.141.59.jar;C:\Tools\libs\client-combined-3.141.59-sources.jar;C:\Tools\libs\commons-exec-1.3.jar;C:\Tools\libs\guava-25.0-jre.jar;C:\Tools\libs\okhttp-3.11.0.jar;C:\Tools\libs\okio-1.14.0.jar
Launcher Type: SUN_STANDARD

[Global flags]
     intx CICompilerCount                          = 4                                         {product} {ergonomic}
     uint ConcGCThreads                            = 2                                         {product} {ergonomic}
     uint G1ConcRefinementThreads                  = 8                                         {product} {ergonomic}
   size_t G1HeapRegionSize                         = 1048576                                   {product} {ergonomic}
    uintx GCDrainStackTargetSize                   = 64                                        {product} {ergonomic}
   size_t InitialHeapSize                          = 134217728                                 {product} {ergonomic}
   size_t MarkStackSize                            = 4194304                                   {product} {ergonomic}
   size_t MaxHeapSize                              = 2118123520                                {product} {ergonomic}
   size_t MaxNewSize                               = 1270874112                                {product} {ergonomic}
   size_t MinHeapDeltaBytes                        = 1048576                                   {product} {ergonomic}
   size_t MinHeapSize                              = 8388608                                   {product} {ergonomic}
    uintx NonNMethodCodeHeapSize                   = 5839372                                {pd product} {ergonomic}
    uintx NonProfiledCodeHeapSize                  = 122909434                              {pd product} {ergonomic}
    uintx ProfiledCodeHeapSize                     = 122909434                              {pd product} {ergonomic}
    uintx ReservedCodeCacheSize                    = 251658240                              {pd product} {ergonomic}
     bool SegmentedCodeCache                       = true                                      {product} {ergonomic}
     bool ShowCodeDetailsInExceptionMessages       = true                                   {manageable} {command line}
   size_t SoftMaxHeapSize                          = 2118123520                             {manageable} {ergonomic}
     bool UseCompressedClassPointers               = true                           {product lp64_product} {ergonomic}
     bool UseCompressedOops                        = true                           {product lp64_product} {ergonomic}
     bool UseG1GC                                  = true                                      {product} {ergonomic}
     bool UseLargePagesIndividualAllocation        = false                                  {pd product} {ergonomic}

Logging:
Log output configuration:
 #0: stdout all=warning uptime,level,tags foldmultilines=false
 #1: stderr all=off uptime,level,tags foldmultilines=false

Environment Variables:
PATH=C:/Users/jzo_0/.p2/pool/plugins/org.eclipse.justj.openjdk.hotspot.jre.full.win32.x86_64_18.0.2.v20221005-1040/jre/bin/server;C:/Users/jzo_0/.p2/pool/plugins/org.eclipse.justj.openjdk.hotspot.jre.full.win32.x86_64_18.0.2.v20221005-1040/jre/bin;C:\Windows\system32;C:\Windows;C:\Windows\System32\Wbem;C:\Windows\System32\WindowsPowerShell\v1.0\;C:\Windows\System32\OpenSSH\;C:\Tools\bin;C:\Tools\Git\cmd;C:\Tools\mvn\apache-maven-3.9.0\bin;C:\Users\jzo_0\AppData\Local\Microsoft\WindowsApps;;C:\Tools\eclipse;
USERNAME=jzo_0
OS=Windows_NT
PROCESSOR_IDENTIFIER=Intel64 Family 6 Model 58 Stepping 9, GenuineIntel



---------------  S Y S T E M  ---------------

OS:
 Windows 10 , 64 bit Build 19041 (10.0.19041.2546)
OS uptime: 58 days 6:37 hours

CPU: total 8 (initial active 8) (4 cores per cpu, 2 threads per core) family 6 model 58 stepping 9 microcode 0x21, cx8, cmov, fxsr, ht, mmx, sse, sse2, sse3, ssse3, sse4.1, sse4.2, popcnt, tsc, tscinvbit, avx, aes, erms, clmul, vzeroupper, clflush

Memory: 4k page, system-wide physical 8078M (735M free)
TotalPageFile size 32654M (AvailPageFile size 1M)
current process WorkingSet (physical memory assigned to process): 38M, peak: 38M
current process commit charge ("private bytes"): 208M, peak: 208M

vm_info: OpenJDK 64-Bit Server VM (18.0.2.1+1) for windows-amd64 JRE (18.0.2.1+1), built on Aug 25 2022 17:20:57 by "" with MS VC++ 16.7 (VS2019)

END.
